<?xml version="1.0" encoding="UTF-8" ?>
<testsuite failures="0" time="1.967" errors="0" skipped="0" tests="9" name="com.codetest.spring.service.SalesServiceImplTest">
  <properties>
[...]
</properties>
  <testcase time="0.972" classname="com.codetest.spring.service.SalesServiceImplTest" name="testAdjustSalesRecord"/>
  <testcase time="0.007" classname="com.codetest.spring.service.SalesServiceImplTest" name="testGetNewValue_MULTIPLY"/>
  <testcase time="0.009" classname="com.codetest.spring.service.SalesServiceImplTest" name="testCreateSalesRecord"/>
  <testcase time="0.008" classname="com.codetest.spring.service.SalesServiceImplTest" name="testGetNewValue_SUBTRACT"/>
  <testcase time="0.004" classname="com.codetest.spring.service.SalesServiceImplTest" name="testGetNewValue_ADD"/>
  <testcase time="0.006" classname="com.codetest.spring.service.SalesServiceImplTest" name="testCreateSaleRecord"/>
  <testcase time="0.015" classname="com.codetest.spring.service.SalesServiceImplTest" name="testAdjustSalesRecord_SalesOrderProcessingIsPaused"/>
  <testcase time="0.005" classname="com.codetest.spring.service.SalesServiceImplTest" name="testCreateSaleRecord_SalesOrderProcessingIsPaused"/>
  <testcase time="0.006" classname="com.codetest.spring.service.SalesServiceImplTest" name="testCreateSalesRecord_SalesOrderProcessingIsPaused"/>
</testsuite>